Performing C SOURCE FILE Test CMAKE_HAVE_LIBC_PTHREAD failed with the following output:
Change Dir: /home/theneonlightning/3sem/processor/cmake-build-debug/CMakeFiles/CMakeTmp

Run Build Command(s):/usr/bin/make cmTC_99ceb/fast && /usr/bin/make -f CMakeFiles/cmTC_99ceb.dir/build.make CMakeFiles/cmTC_99ceb.dir/build
make[1]: вход в каталог «/home/theneonlightning/3sem/processor/cmake-build-debug/CMakeFiles/CMakeTmp»
Building C object CMakeFiles/cmTC_99ceb.dir/src.c.o
/usr/bin/cc   -DCMAKE_HAVE_LIBC_PTHREAD   -o CMakeFiles/cmTC_99ceb.dir/src.c.o   -c /home/theneonlightning/3sem/processor/cmake-build-debug/CMakeFiles/CMakeTmp/src.c
Linking C executable cmTC_99ceb
/snap/clion/92/bin/cmake/linux/bin/cmake -E cmake_link_script CMakeFiles/cmTC_99ceb.dir/link.txt --verbose=1
/usr/bin/cc  -DCMAKE_HAVE_LIBC_PTHREAD    -rdynamic CMakeFiles/cmTC_99ceb.dir/src.c.o  -o cmTC_99ceb 
CMakeFiles/cmTC_99ceb.dir/src.c.o: In function `main':
src.c:(.text+0x3e): undefined reference to `pthread_create'
src.c:(.text+0x4a): undefined reference to `pthread_detach'
src.c:(.text+0x5b): undefined reference to `pthread_join'
src.c:(.text+0x6f): undefined reference to `pthread_atfork'
collect2: error: ld returned 1 exit status
CMakeFiles/cmTC_99ceb.dir/build.make:86: recipe for target 'cmTC_99ceb' failed
make[1]: *** [cmTC_99ceb] Error 1
make[1]: выход из каталога «/home/theneonlightning/3sem/processor/cmake-build-debug/CMakeFiles/CMakeTmp»
Makefile:121: recipe for target 'cmTC_99ceb/fast' failed
make: *** [cmTC_99ceb/fast] Error 2


Source file was:
#include <pthread.h>

void* test_func(void* data)
{
  return data;
}

int main(void)
{
  pthread_t thread;
  pthread_create(&thread, NULL, test_func, NULL);
  pthread_detach(thread);
  pthread_join(thread, NULL);
  pthread_atfork(NULL, NULL, NULL);
  pthread_exit(NULL);

  return 0;
}

Determining if the function pthread_create exists in the pthreads failed with the following output:
Change Dir: /home/theneonlightning/3sem/processor/cmake-build-debug/CMakeFiles/CMakeTmp

Run Build Command(s):/usr/bin/make cmTC_d6cfb/fast && /usr/bin/make -f CMakeFiles/cmTC_d6cfb.dir/build.make CMakeFiles/cmTC_d6cfb.dir/build
make[1]: вход в каталог «/home/theneonlightning/3sem/processor/cmake-build-debug/CMakeFiles/CMakeTmp»
Building C object CMakeFiles/cmTC_d6cfb.dir/CheckFunctionExists.c.o
/usr/bin/cc   -DCHECK_FUNCTION_EXISTS=pthread_create   -o CMakeFiles/cmTC_d6cfb.dir/CheckFunctionExists.c.o   -c /snap/clion/92/bin/cmake/linux/share/cmake-3.15/Modules/CheckFunctionExists.c
Linking C executable cmTC_d6cfb
/snap/clion/92/bin/cmake/linux/bin/cmake -E cmake_link_script CMakeFiles/cmTC_d6cfb.dir/link.txt --verbose=1
/usr/bin/cc  -DCHECK_FUNCTION_EXISTS=pthread_create    -rdynamic CMakeFiles/cmTC_d6cfb.dir/CheckFunctionExists.c.o  -o cmTC_d6cfb -lpthreads 
/usr/bin/ld: cannot find -lpthreads
collect2: error: ld returned 1 exit status
CMakeFiles/cmTC_d6cfb.dir/build.make:86: recipe for target 'cmTC_d6cfb' failed
make[1]: *** [cmTC_d6cfb] Error 1
make[1]: выход из каталога «/home/theneonlightning/3sem/processor/cmake-build-debug/CMakeFiles/CMakeTmp»
Makefile:121: recipe for target 'cmTC_d6cfb/fast' failed
make: *** [cmTC_d6cfb/fast] Error 2



